<?xml version="1.0" encoding="UTF-8"?>
<testsuite name="EdgeConvertFileParserTest" tests="13" skipped="0" failures="0" errors="0" timestamp="2020-04-21T19:16:26" hostname="SteveCalhoonBusinessTycoon" time="0.133">
  <properties/>
  <testcase name="testTableSize" classname="EdgeConvertFileParserTest" time="0.066"/>
  <testcase name="testValidFieldObj" classname="EdgeConvertFileParserTest" time="0.007"/>
  <testcase name="testValidTableObj" classname="EdgeConvertFileParserTest" time="0.021"/>
  <testcase name="testTablesExist" classname="EdgeConvertFileParserTest" time="0.002"/>
  <testcase name="testFieldsExist" classname="EdgeConvertFileParserTest" time="0.004"/>
  <testcase name="testValidConnectors" classname="EdgeConvertFileParserTest" time="0.003"/>
  <testcase name="testConnectorsExist" classname="EdgeConvertFileParserTest" time="0.003"/>
  <testcase name="testReadSuccess" classname="EdgeConvertFileParserTest" time="0.011"/>
  <testcase name="testValidConnectorObj" classname="EdgeConvertFileParserTest" time="0.003"/>
  <testcase name="testValidFields" classname="EdgeConvertFileParserTest" time="0.002"/>
  <testcase name="testConnectorSize" classname="EdgeConvertFileParserTest" time="0.002"/>
  <testcase name="testValidTables" classname="EdgeConvertFileParserTest" time="0.002"/>
  <testcase name="testFieldSize" classname="EdgeConvertFileParserTest" time="0.002"/>
  <system-out><![CDATA[]]></system-out>
  <system-err><![CDATA[]]></system-err>
</testsuite>
