<?xml version="1.0" encoding="UTF-8"?>
<testsuite name="EdgeTableTest" tests="20" skipped="0" failures="0" errors="0" timestamp="2020-04-21T19:16:27" hostname="SteveCalhoonBusinessTycoon" time="0.01">
  <properties/>
  <testcase name="getRelatedTablesArrayEmpty" classname="EdgeTableTest" time="0.0"/>
  <testcase name="addRelatedTable" classname="EdgeTableTest" time="0.001"/>
  <testcase name="addNativeField" classname="EdgeTableTest" time="0.0"/>
  <testcase name="toStringEmptyArrays" classname="EdgeTableTest" time="0.001"/>
  <testcase name="getRelatedTablesArraySizeOne" classname="EdgeTableTest" time="0.0"/>
  <testcase name="getRelatedFieldsArrayEmpty" classname="EdgeTableTest" time="0.0"/>
  <testcase name="setRelatedField" classname="EdgeTableTest" time="0.0"/>
  <testcase name="moveFieldUpZero" classname="EdgeTableTest" time="0.0"/>
  <testcase name="moveFieldDownOne" classname="EdgeTableTest" time="0.001"/>
  <testcase name="moveFieldDownError" classname="EdgeTableTest" time="0.0"/>
  <testcase name="getNativeFieldsArraySizeOne" classname="EdgeTableTest" time="0.0"/>
  <testcase name="getName" classname="EdgeTableTest" time="0.0"/>
  <testcase name="getNativeFieldsArrayEmpty" classname="EdgeTableTest" time="0.001"/>
  <testcase name="moveFieldDownZero" classname="EdgeTableTest" time="0.0"/>
  <testcase name="getRelatedFieldsArraySizeOne" classname="EdgeTableTest" time="0.0"/>
  <testcase name="getNumFigure" classname="EdgeTableTest" time="0.0"/>
  <testcase name="moveFieldUpError" classname="EdgeTableTest" time="0.0"/>
  <testcase name="toStringValid" classname="EdgeTableTest" time="0.0"/>
  <testcase name="setRelatedFieldError" classname="EdgeTableTest" time="0.0"/>
  <testcase name="moveFieldUpOne" classname="EdgeTableTest" time="0.0"/>
  <system-out><![CDATA[]]></system-out>
  <system-err><![CDATA[]]></system-err>
</testsuite>
