<?xml version="1.0" encoding="UTF-8"?>
<testsuite name="CreateDDLMySQLTest" tests="12" skipped="0" failures="0" errors="0" timestamp="2020-04-14T16:47:10" hostname="SteveCalhoonBusinessTycoon" time="0.049">
  <properties/>
  <testcase name="testIsMySQLProductName" classname="CreateDDLMySQLTest" time="0.004"/>
  <testcase name="testExpect3EdgeTables" classname="CreateDDLMySQLTest" time="0.001"/>
  <testcase name="testExpect7EdgeFields" classname="CreateDDLMySQLTest" time="0.001"/>
  <testcase name="testDataTypesNotEmpty" classname="CreateDDLMySQLTest" time="0.002"/>
  <testcase name="testRandomStringIsZero" classname="CreateDDLMySQLTest" time="0.001"/>
  <testcase name="testGetDatabaseName" classname="CreateDDLMySQLTest" time="0.001"/>
  <testcase name="testStringBufferInitialized" classname="CreateDDLMySQLTest" time="0.001"/>
  <testcase name="testCreateDDLEmptyName" classname="CreateDDLMySQLTest" time="0.001"/>
  <testcase name="testNonTrueIsZero" classname="CreateDDLMySQLTest" time="0.001"/>
  <testcase name="testCreateDDL" classname="CreateDDLMySQLTest" time="0.026"/>
  <testcase name="testSetDatabaseName" classname="CreateDDLMySQLTest" time="0.002"/>
  <testcase name="testTrueIsOne" classname="CreateDDLMySQLTest" time="0.002"/>
  <system-out><![CDATA[]]></system-out>
  <system-err><![CDATA[]]></system-err>
</testsuite>
