<?xml version="1.0" encoding="UTF-8"?>
<testsuite name="EdgeFieldTest" tests="23" skipped="0" failures="0" errors="0" timestamp="2020-04-14T16:47:10" hostname="SteveCalhoonBusinessTycoon" time="0.057">
  <properties/>
  <testcase name="testGetFieldBound" classname="EdgeFieldTest" time="0.001"/>
  <testcase name="testGetIsPrimaryKey" classname="EdgeFieldTest" time="0.0"/>
  <testcase name="testGetStrDataType" classname="EdgeFieldTest" time="0.002"/>
  <testcase name="testSetFieldBound" classname="EdgeFieldTest" time="0.0"/>
  <testcase name="testGetTableID" classname="EdgeFieldTest" time="0.001"/>
  <testcase name="testGetDataType" classname="EdgeFieldTest" time="0.0"/>
  <testcase name="testSetIsPrimaryKey" classname="EdgeFieldTest" time="0.0"/>
  <testcase name="testSetDataTypeValid" classname="EdgeFieldTest" time="0.0"/>
  <testcase name="testGetName" classname="EdgeFieldTest" time="0.0"/>
  <testcase name="testSetVarcharValueValid" classname="EdgeFieldTest" time="0.001"/>
  <testcase name="testToStringChanged" classname="EdgeFieldTest" time="0.041"/>
  <testcase name="testGetTableBound" classname="EdgeFieldTest" time="0.0"/>
  <testcase name="testSetVarcharValueInvalid" classname="EdgeFieldTest" time="0.0"/>
  <testcase name="testSetTableID" classname="EdgeFieldTest" time="0.0"/>
  <testcase name="testToStringDefault" classname="EdgeFieldTest" time="0.0"/>
  <testcase name="testGetDefaultValue" classname="EdgeFieldTest" time="0.002"/>
  <testcase name="testSetTableBound" classname="EdgeFieldTest" time="0.001"/>
  <testcase name="testGetDisallowNull" classname="EdgeFieldTest" time="0.0"/>
  <testcase name="testSetDataTypeInvalid" classname="EdgeFieldTest" time="0.0"/>
  <testcase name="testSetDefaultValue" classname="EdgeFieldTest" time="0.001"/>
  <testcase name="testGetNumFigure" classname="EdgeFieldTest" time="0.0"/>
  <testcase name="testGetVarcharValue" classname="EdgeFieldTest" time="0.0"/>
  <testcase name="testSetDisallowNull" classname="EdgeFieldTest" time="0.001"/>
  <system-out><![CDATA[]]></system-out>
  <system-err><![CDATA[]]></system-err>
</testsuite>
